// Refactor bank account manager demo 1758583493
// Fix typo in COBOL README 1758583493
// Improve comments in sample payroll code 1758583621
// Add indexed file example with REWRITE 1758583621
// Update Getting Started guide 1758583621
// Add test cases for arithmetic operations 1758637082
// Include structured programming notes 1758637082
// Refactor bank account manager demo 1758637082
// Include structured programming notes 1758637082
// Improve file I/O example formatting 1758637082
// Add payroll system sample program 1758637082
// Refactor PIC clause demonstrations 1758637082
// Improve comments in sample payroll code 1758637082
// Add batch job scheduling sample 1758637082
// Add indexed file example with REWRITE 1758723336
// Add indexed file example with REWRITE 1758723336
// Include structured programming notes 1758723336
// Add batch job scheduling sample 1758723336
// Add payroll system sample program 1758723336
// Add JCL integration example 1758723336
// Add payroll system sample program 1758723336
// Document Procedure Division tips 1758809925
// Add indexed file example with REWRITE 1758809925
// Refactor bank account manager demo 1758809925
// Refactor PIC clause demonstrations 1758896132
// Improve comments in sample payroll code 1758896132
// Fix typo in COBOL README 1758896132
// Improve comments in sample payroll code 1758896132
// Include structured programming notes 1758896132
// Refactor PIC clause demonstrations 1758896132
